  Cell.cpp
  Grid.cpp
  main.cpp
  Génération de code en cours...
Grid.obj : error LNK2019: symbole externe non résolu "__declspec(dllimport) class sf::Transform & __cdecl sf::operator*=(class sf::Transform &,class sf::Transform const &)" (__imp_??Xsf@@YAAEAVTransform@0@AEAV10@AEBV10@@Z) référencé dans la fonction "private: virtual void __cdecl Grid::draw(class sf::RenderTarget &,class sf::RenderStates)const " (?draw@Grid@@EEBAXAEAVRenderTarget@sf@@VRenderStates@3@@Z)
Grid.obj : error LNK2019: symbole externe non résolu "__declspec(dllimport) public: virtual __cdecl sf::Drawable::~Drawable(void)" (__imp_??1Drawable@sf@@UEAA@XZ) référencé dans la fonction "int `public: __cdecl Grid::Grid(class sf::Vector2<float>,class sf::Vector2<float>,class Vector2<float>::Vector2<unsigned int>,enum State)'::`1'::dtor$0" (?dtor$0@?0???0Grid@@QEAA@V?$Vector2@M@sf@@0V?$Vector2@I@2@W4State@@@Z@4HA)
main.obj : error LNK2001: symbole externe non résolu "__declspec(dllimport) public: virtual __cdecl sf::Drawable::~Drawable(void)" (__imp_??1Drawable@sf@@UEAA@XZ)
Grid.obj : error LNK2019: symbole externe non résolu "__declspec(dllimport) public: __cdecl sf::Drawable::Drawable(void)" (__imp_??0Drawable@sf@@QEAA@XZ) référencé dans la fonction "public: __cdecl Grid::Grid(class sf::Vector2<float>,class sf::Vector2<float>,class sf::Vector2<unsigned int>,enum State)" (??0Grid@@QEAA@V?$Vector2@M@sf@@0V?$Vector2@I@2@W4State@@@Z)
Grid.obj : error LNK2019: symbole externe non résolu "__declspec(dllimport) public: __cdecl sf::Transformable::Transformable(void)" (__imp_??0Transformable@sf@@QEAA@XZ) référencé dans la fonction "public: __cdecl Grid::Grid(class sf::Vector2<float>,class sf::Vector2<float>,class sf::Vector2<unsigned int>,enum State)" (??0Grid@@QEAA@V?$Vector2@M@sf@@0V?$Vector2@I@2@W4State@@@Z)
Grid.obj : error LNK2019: symbole externe non résolu "__declspec(dllimport) public: virtual __cdecl sf::Transformable::~Transformable(void)" (__imp_??1Transformable@sf@@UEAA@XZ) référencé dans la fonction "int `public: __cdecl Grid::Grid(class sf::Vector2<float>,class sf::Vector2<float>,class Vector2<float>::Vector2<unsigned int>,enum State)'::`1'::dtor$1" (?dtor$1@?0???0Grid@@QEAA@V?$Vector2@M@sf@@0V?$Vector2@I@2@W4State@@@Z@4HA)
main.obj : error LNK2001: symbole externe non résolu "__declspec(dllimport) public: virtual __cdecl sf::Transformable::~Transformable(void)" (__imp_??1Transformable@sf@@UEAA@XZ)
Grid.obj : error LNK2019: symbole externe non résolu "__declspec(dllimport) public: void __cdecl sf::Transformable::setPosition(class sf::Vector2<float> const &)" (__imp_?setPosition@Transformable@sf@@QEAAXAEBV?$Vector2@M@2@@Z) référencé dans la fonction "public: __cdecl Grid::Grid(class sf::Vector2<float>,class sf::Vector2<float>,class sf::Vector2<unsigned int>,enum State)" (??0Grid@@QEAA@V?$Vector2@M@sf@@0V?$Vector2@I@2@W4State@@@Z)
Grid.obj : error LNK2019: symbole externe non résolu "__declspec(dllimport) public: class sf::Transform const & __cdecl sf::Transformable::getTransform(void)const " (__imp_?getTransform@Transformable@sf@@QEBAAEBVTransform@2@XZ) référencé dans la fonction "private: virtual void __cdecl Grid::draw(class sf::RenderTarget &,class sf::RenderStates)const " (?draw@Grid@@EEBAXAEAVRenderTarget@sf@@VRenderStates@3@@Z)
Grid.obj : error LNK2019: symbole externe non résolu "__declspec(dllimport) public: __cdecl sf::Color::Color(unsigned char,unsigned char,unsigned char,unsigned char)" (__imp_??0Color@sf@@QEAA@EEEE@Z) référencé dans la fonction "public: __cdecl Grid::Grid(class sf::Vector2<float>,class sf::Vector2<float>,class sf::Vector2<unsigned int>,enum State)" (??0Grid@@QEAA@V?$Vector2@M@sf@@0V?$Vector2@I@2@W4State@@@Z)
main.obj : error LNK2001: symbole externe non résolu "__declspec(dllimport) public: __cdecl sf::Color::Color(unsigned char,unsigned char,unsigned char,unsigned char)" (__imp_??0Color@sf@@QEAA@EEEE@Z)
Grid.obj : error LNK2019: symbole externe non résolu "__declspec(dllimport) public: __cdecl sf::VertexArray::VertexArray(void)" (__imp_??0VertexArray@sf@@QEAA@XZ) référencé dans la fonction "public: __cdecl Grid::Grid(class sf::Vector2<float>,class sf::Vector2<float>,class sf::Vector2<unsigned int>,enum State)" (??0Grid@@QEAA@V?$Vector2@M@sf@@0V?$Vector2@I@2@W4State@@@Z)
Grid.obj : error LNK2019: symbole externe non résolu "__declspec(dllimport) public: class sf::Vertex & __cdecl sf::VertexArray::operator[](unsigned __int64)" (__imp_??AVertexArray@sf@@QEAAAEAVVertex@1@_K@Z) référencé dans la fonction "public: __cdecl Grid::Grid(class sf::Vector2<float>,class sf::Vector2<float>,class sf::Vector2<unsigned int>,enum State)" (??0Grid@@QEAA@V?$Vector2@M@sf@@0V?$Vector2@I@2@W4State@@@Z)
Grid.obj : error LNK2019: symbole externe non résolu "__declspec(dllimport) public: void __cdecl sf::VertexArray::resize(unsigned __int64)" (__imp_?resize@VertexArray@sf@@QEAAX_K@Z) référencé dans la fonction "public: __cdecl Grid::Grid(class sf::Vector2<float>,class sf::Vector2<float>,class sf::Vector2<unsigned int>,enum State)" (??0Grid@@QEAA@V?$Vector2@M@sf@@0V?$Vector2@I@2@W4State@@@Z)
Grid.obj : error LNK2019: symbole externe non résolu "__declspec(dllimport) public: void __cdecl sf::VertexArray::setPrimitiveType(enum sf::PrimitiveType)" (__imp_?setPrimitiveType@VertexArray@sf@@QEAAXW4PrimitiveType@2@@Z) référencé dans la fonction "public: __cdecl Grid::Grid(class sf::Vector2<float>,class sf::Vector2<float>,class sf::Vector2<unsigned int>,enum State)" (??0Grid@@QEAA@V?$Vector2@M@sf@@0V?$Vector2@I@2@W4State@@@Z)
Grid.obj : error LNK2019: symbole externe non résolu "__declspec(dllimport) public: virtual __cdecl sf::VertexArray::~VertexArray(void)" (__imp_??1VertexArray@sf@@UEAA@XZ) référencé dans la fonction "int `public: __cdecl Grid::Grid(class sf::Vector2<float>,class sf::Vector2<float>,class Vector2<float>::Vector2<unsigned int>,enum State)'::`1'::dtor$2" (?dtor$2@?0???0Grid@@QEAA@V?$Vector2@M@sf@@0V?$Vector2@I@2@W4State@@@Z@4HA)
main.obj : error LNK2001: symbole externe non résolu "__declspec(dllimport) public: virtual __cdecl sf::VertexArray::~VertexArray(void)" (__imp_??1VertexArray@sf@@UEAA@XZ)
Grid.obj : error LNK2019: symbole externe non résolu "__declspec(dllimport) public: void __cdecl sf::RenderTarget::draw(class sf::Drawable const &,class sf::RenderStates const &)" (__imp_?draw@RenderTarget@sf@@QEAAXAEBVDrawable@2@AEBVRenderStates@2@@Z) référencé dans la fonction "private: virtual void __cdecl Grid::draw(class sf::RenderTarget &,class sf::RenderStates)const " (?draw@Grid@@EEBAXAEAVRenderTarget@sf@@VRenderStates@3@@Z)
main.obj : error LNK2001: symbole externe non résolu "__declspec(dllimport) public: void __cdecl sf::RenderTarget::draw(class sf::Drawable const &,class sf::RenderStates const &)" (__imp_?draw@RenderTarget@sf@@QEAAXAEBVDrawable@2@AEBVRenderStates@2@@Z)
main.obj : error LNK2019: symbole externe non résolu "__declspec(dllimport) public: __cdecl sf::String::String(char const *,class std::locale const &)" (__imp_??0String@sf@@QEAA@PEBDAEBVlocale@std@@@Z) référencé dans la fonction main
main.obj : error LNK2019: symbole externe non résolu "__declspec(dllimport) public: __cdecl sf::String::~String(void)" (__imp_??1String@sf@@QEAA@XZ) référencé dans la fonction main
main.obj : error LNK2019: symbole externe non résolu "__declspec(dllimport) public: __cdecl sf::VideoMode::VideoMode(unsigned int,unsigned int,unsigned int)" (__imp_??0VideoMode@sf@@QEAA@III@Z) référencé dans la fonction main
main.obj : error LNK2019: symbole externe non résolu "__declspec(dllimport) public: void __cdecl sf::Window::close(void)" (__imp_?close@Window@sf@@QEAAXXZ) référencé dans la fonction main
main.obj : error LNK2019: symbole externe non résolu "__declspec(dllimport) public: bool __cdecl sf::Window::isOpen(void)const " (__imp_?isOpen@Window@sf@@QEBA_NXZ) référencé dans la fonction main
main.obj : error LNK2019: symbole externe non résolu "__declspec(dllimport) public: bool __cdecl sf::Window::pollEvent(class sf::Event &)" (__imp_?pollEvent@Window@sf@@QEAA_NAEAVEvent@2@@Z) référencé dans la fonction main
main.obj : error LNK2019: symbole externe non résolu "__declspec(dllimport) public: void __cdecl sf::Window::setFramerateLimit(unsigned int)" (__imp_?setFramerateLimit@Window@sf@@QEAAXI@Z) référencé dans la fonction main
main.obj : error LNK2019: symbole externe non résolu "__declspec(dllimport) public: void __cdecl sf::Window::display(void)" (__imp_?display@Window@sf@@QEAAXXZ) référencé dans la fonction main
main.obj : error LNK2019: symbole externe non résolu "__declspec(dllimport) public: void __cdecl sf::RenderTarget::clear(class sf::Color const &)" (__imp_?clear@RenderTarget@sf@@QEAAXAEBVColor@2@@Z) référencé dans la fonction main
    Conseil sur les symboles définis et susceptibles de correspondre :
      "__declspec(dllimport) public: void __cdecl std::basic_ios<char,struct std::char_traits<char> >::clear(int,bool)" (__imp_?clear@?$basic_ios@DU?$char_traits@D@std@@@std@@QEAAXH_N@Z)
main.obj : error LNK2019: symbole externe non résolu "__declspec(dllimport) public: __cdecl sf::RenderWindow::RenderWindow(class sf::VideoMode,class sf::String const &,unsigned int,struct sf::ContextSettings const &)" (__imp_??0RenderWindow@sf@@QEAA@VVideoMode@1@AEBVString@1@IAEBUContextSettings@1@@Z) référencé dans la fonction main
main.obj : error LNK2019: symbole externe non résolu "__declspec(dllimport) public: virtual __cdecl sf::RenderWindow::~RenderWindow(void)" (__imp_??1RenderWindow@sf@@UEAA@XZ) référencé dans la fonction main
main.obj : error LNK2019: symbole externe non résolu "__declspec(dllimport) public: static class sf::RenderStates const sf::RenderStates::Default" (__imp_?Default@RenderStates@sf@@2V12@B) référencé dans la fonction main
C:\Users\kevin\source\repos\Automate cellulaire\bin\x64\Debug\Automate cellulaire.exe : fatal error LNK1120: 26 externes non résolus
